Using pre-set license
Built from '2023.2/staging' branch; Version is '2023.2.3f1 (21747dafc6ee) revision 2192509'; Using compiler version '193431935'; Build Type 'Release'
OS: 'Windows 11  (10.0.22631) 64bit Core' Language: 'ja' Physical Memory: 65380 MB
BatchMode: 1, IsHumanControllingUs: 0, StartBugReporterOnCrash: 0, Is64bit: 1, IsPro: 1

COMMAND LINE ARGUMENTS:
C:\Program Files\Unity\Hub\Editor\2023.2.3f1\Editor\Unity.exe
-adb2
-batchMode
-noUpm
-name
AssetImportWorker5
-projectPath
G:/【001】 制作/【002】 プロジェクト別/AnaZon00/Anazon00
-logFile
Logs/AssetImportWorker5.log
-srvPort
65164
-job-worker-count
13
-background-job-worker-count
8
-asset-garbage-collectors
1
Successfully changed project path to: G:/【001】 制作/【002】 プロジェクト別/AnaZon00/Anazon00
G:/【001】 制作/【002】 プロジェクト別/AnaZon00/Anazon00
[UnityMemory] Configuration Parameters - Can be set up in boot.config
    "memorysetup-bucket-allocator-granularity=16"
    "memorysetup-bucket-allocator-bucket-count=8"
    "memorysetup-bucket-allocator-block-size=33554432"
    "memorysetup-bucket-allocator-block-count=8"
    "memorysetup-main-allocator-block-size=16777216"
    "memorysetup-thread-allocator-block-size=16777216"
    "memorysetup-gfx-main-allocator-block-size=16777216"
    "memorysetup-gfx-thread-allocator-block-size=16777216"
    "memorysetup-cache-allocator-block-size=4194304"
    "memorysetup-typetree-allocator-block-size=2097152"
    "memorysetup-profiler-bucket-allocator-granularity=16"
    "memorysetup-profiler-bucket-allocator-bucket-count=8"
    "memorysetup-profiler-bucket-allocator-block-size=33554432"
    "memorysetup-profiler-bucket-allocator-block-count=8"
    "memorysetup-profiler-allocator-block-size=16777216"
    "memorysetup-profiler-editor-allocator-block-size=1048576"
    "memorysetup-temp-allocator-size-main=16777216"
    "memorysetup-job-temp-allocator-block-size=2097152"
    "memorysetup-job-temp-allocator-block-size-background=1048576"
    "memorysetup-job-temp-allocator-reduction-small-platforms=262144"
    "memorysetup-allocator-temp-initial-block-size-main=262144"
    "memorysetup-allocator-temp-initial-block-size-worker=262144"
    "memorysetup-temp-allocator-size-background-worker=32768"
    "memorysetup-temp-allocator-size-job-worker=262144"
    "memorysetup-temp-allocator-size-preload-manager=33554432"
    "memorysetup-temp-allocator-size-nav-mesh-worker=65536"
    "memorysetup-temp-allocator-size-audio-worker=65536"
    "memorysetup-temp-allocator-size-cloud-worker=32768"
    "memorysetup-temp-allocator-size-gi-baking-worker=262144"
    "memorysetup-temp-allocator-size-gi-baking-worker=262144"
    "memorysetup-temp-allocator-size-gi-baking-worker=262144"
    "memorysetup-temp-allocator-size-gi-baking-worker=262144"
    "memorysetup-temp-allocator-size-gfx=262144"
Player connection [36396] Host "[IP] 192.168.11.2 [Port] 0 [Flags] 2 [Guid] 1952320599 [EditorId] 1952320599 [Version] 1048832 [Id] WindowsEditor(7,MANAMI) [Debug] 1 [PackageName] WindowsEditor [ProjectName] Editor" joined multi-casting on [225.0.0.222:54997]...
Player connection [36396] Host "[IP] 192.168.11.2 [Port] 0 [Flags] 2 [Guid] 1952320599 [EditorId] 1952320599 [Version] 1048832 [Id] WindowsEditor(7,MANAMI) [Debug] 1 [PackageName] WindowsEditor [ProjectName] Editor" joined alternative multi-casting on [225.0.0.222:34997]...
JobSystem: Creating JobQueue using job-worker-count value 13
[Physics::Module] Initialized MultithreadedJobDispatcher with 13 workers.
Library Redirect Path: Library/
Refreshing native plugins compatible for Editor in 0.52 ms, found 3 plugins.
Preloading 0 native plugins for Editor in 0.00 ms.
Initialize engine version: 2023.2.3f1 (21747dafc6ee)
[Subsystems] Discovering subsystems at path C:/Program Files/Unity/Hub/Editor/2023.2.3f1/Editor/Data/Resources/UnitySubsystems
[Subsystems] Discovering subsystems at path G:/【001】 制作/【002】 プロジェクト別/AnaZon00/Anazon00/Assets
GfxDevice: creating device client; kGfxThreadingModeNonThreaded
Direct3D:
    Version:  Direct3D 11.0 [level 11.1]
    Renderer: NVIDIA GeForce RTX 4060 Ti (ID=0x2803)
    Vendor:   NVIDIA
    VRAM:     7963 MB
    Driver:   31.0.15.3203
Initialize mono
Mono path[0] = 'C:/Program Files/Unity/Hub/Editor/2023.2.3f1/Editor/Data/Managed'
Mono path[1] = 'C:/Program Files/Unity/Hub/Editor/2023.2.3f1/Editor/Data/MonoBleedingEdge/lib/mono/unityjit-win32'
Mono config path = 'C:/Program Files/Unity/Hub/Editor/2023.2.3f1/Editor/Data/MonoBleedingEdge/etc'
Using monoOptions --debugger-agent=transport=dt_socket,embedding=1,server=y,suspend=n,address=127.0.0.1:56572
Begin MonoManager ReloadAssembly
C:\build\output\Unity-Technologies\mono\mono\metadata\icall.c:1842:
C:\build\output\Unity-Technologies\mono\mono\metadata\icall.c:1842:
C:\build\output\Unity-Technologies\mono\mono\metadata\icall.c:1842:
C:\build\output\Unity-Technologies\mono\mono\metadata\icall.c:1842:
C:\build\output\Unity-Technologies\mono\mono\metadata\icall.c:1842:
C:\build\output\Unity-Technologies\mono\mono\metadata\icall.c:1842:
C:\build\output\Unity-Technologies\mono\mono\metadata\icall.c:1842:
C:\build\output\Unity-Technologies\mono\mono\metadata\icall.c:1842:
C:\build\output\Unity-Technologies\mono\mono\metadata\icall.c:1842:
C:\build\output\Unity-Technologies\mono\mono\metadata\icall.c:1842:
Registering precompiled unity dll's ...
Register platform support module: C:/Program Files/Unity/Hub/Editor/2023.2.3f1/Editor/Data/PlaybackEngines/WindowsStandaloneSupport/UnityEditor.WindowsStandalone.Extensions.dll
Register platform support module: C:/Program Files/Unity/Hub/Editor/2023.2.3f1/Editor/Data/PlaybackEngines/AndroidPlayer/UnityEditor.Android.Extensions.dll
Register platform support module: C:/Program Files/Unity/Hub/Editor/2023.2.3f1/Editor/Data/PlaybackEngines/iOSSupport/UnityEditor.iOS.Extensions.dll
Registered in 0.004985 seconds.
- Loaded All Assemblies, in  0.247 seconds
[usbmuxd] Start listen thread
[usbmuxd] Listen thread started
Native extension for iOS target not found
Native extension for Android target not found
Android Extension - Scanning For ADB Devices 219 ms
Native extension for WindowsStandalone target not found
Mono: successfully reloaded assembly
C:\build\output\Unity-Technologies\mono\mono\metadata\icall.c:1842:
C:\build\output\Unity-Technologies\mono\mono\metadata\icall.c:1842:
- Finished resetting the current domain, in  0.476 seconds
Domain Reload Profiling: 722ms
	BeginReloadAssembly (84ms)
		ExecutionOrderSort (0ms)
		DisableScriptedObjects (0ms)
		BackupInstance (0ms)
		ReleaseScriptingObjects (0ms)
		CreateAndSetChildDomain (1ms)
	RebuildCommonClasses (21ms)
	RebuildNativeTypeToScriptingClass (7ms)
	initialDomainReloadingComplete (31ms)
	LoadAllAssembliesAndSetupDomain (102ms)
		LoadAssemblies (82ms)
		RebuildTransferFunctionScriptingTraits (0ms)
		AnalyzeDomain (100ms)
			TypeCache.Refresh (98ms)
				TypeCache.ScanAssembly (89ms)
			BuildScriptInfoCaches (0ms)
			ResolveRequiredComponents (0ms)
	FinalizeReload (476ms)
		ReleaseScriptCaches (0ms)
		RebuildScriptCaches (0ms)
		SetupLoadedEditorAssemblies (448ms)
			LogAssemblyErrors (0ms)
			InitializePlatformSupportModulesInManaged (294ms)
			SetLoadedEditorAssemblies (3ms)
			BeforeProcessingInitializeOnLoad (5ms)
			ProcessInitializeOnLoadAttributes (112ms)
			ProcessInitializeOnLoadMethodAttributes (34ms)
			AfterProcessingInitializeOnLoad (0ms)
			EditorAssembliesLoaded (0ms)
		ExecutionOrderSort2 (0ms)
		AwakeInstancesAfterBackupRestoration (0ms)
========================================================================
Worker process is ready to serve import requests
Import Worker Mode flag is 0x00
Begin MonoManager ReloadAssembly
C:\build\output\Unity-Technologies\mono\mono\metadata\icall.c:1842:
C:\build\output\Unity-Technologies\mono\mono\metadata\icall.c:1842:
C:\build\output\Unity-Technologies\mono\mono\metadata\icall.c:1842:
C:\build\output\Unity-Technologies\mono\mono\metadata\icall.c:1842:
C:\build\output\Unity-Technologies\mono\mono\metadata\icall.c:1842:
C:\build\output\Unity-Technologies\mono\mono\metadata\icall.c:1842:
C:\build\output\Unity-Technologies\mono\mono\metadata\icall.c:1842:
C:\build\output\Unity-Technologies\mono\mono\metadata\icall.c:1842:
C:\build\output\Unity-Technologies\mono\mono\metadata\icall.c:1842:
C:\build\output\Unity-Technologies\mono\mono\metadata\icall.c:1842:
C:\build\output\Unity-Technologies\mono\mono\metadata\icall.c:1842:
C:\build\output\Unity-Technologies\mono\mono\metadata\icall.c:1842:
Symbol file LoadedFromMemory doesn't match image G:\【001】 制作\【002】 プロジェクト別\AnaZon00\Anazon00\Library\PackageCache\com.unity.visualscripting@1.8.0\Editor\VisualScripting.Core\Dependencies\YamlDotNet\Unity.VisualScripting.YamlDotNet.dll
Symbol file LoadedFromMemory doesn't match image G:\【001】 制作\【002】 プロジェクト別\AnaZon00\Anazon00\Library\PackageCache\com.unity.visualscripting@1.8.0\Editor\VisualScripting.Core\Dependencies\DotNetZip\Unity.VisualScripting.IonicZip.dll
- Loaded All Assemblies, in  0.575 seconds
Refreshing native plugins compatible for Editor in 0.29 ms, found 3 plugins.
Native extension for iOS target not found
Native extension for Android target not found
Native extension for WindowsStandalone target not found
Mono: successfully reloaded assembly
- Finished resetting the current domain, in  0.412 seconds
Domain Reload Profiling: 986ms
	BeginReloadAssembly (259ms)
		ExecutionOrderSort (0ms)
		DisableScriptedObjects (5ms)
		BackupInstance (0ms)
		ReleaseScriptingObjects (0ms)
		CreateAndSetChildDomain (22ms)
	RebuildCommonClasses (24ms)
	RebuildNativeTypeToScriptingClass (7ms)
	initialDomainReloadingComplete (22ms)
	LoadAllAssembliesAndSetupDomain (261ms)
		LoadAssemblies (231ms)
		RebuildTransferFunctionScriptingTraits (0ms)
		AnalyzeDomain (112ms)
			TypeCache.Refresh (95ms)
				TypeCache.ScanAssembly (85ms)
			BuildScriptInfoCaches (12ms)
			ResolveRequiredComponents (3ms)
	FinalizeReload (412ms)
		ReleaseScriptCaches (0ms)
		RebuildScriptCaches (0ms)
		SetupLoadedEditorAssemblies (269ms)
			LogAssemblyErrors (0ms)
			InitializePlatformSupportModulesInManaged (22ms)
			SetLoadedEditorAssemblies (4ms)
			BeforeProcessingInitializeOnLoad (23ms)
			ProcessInitializeOnLoadAttributes (202ms)
			ProcessInitializeOnLoadMethodAttributes (13ms)
			AfterProcessingInitializeOnLoad (5ms)
			EditorAssembliesLoaded (0ms)
		ExecutionOrderSort2 (0ms)
		AwakeInstancesAfterBackupRestoration (7ms)
Launched and connected shader compiler UnityShaderCompiler.exe after 0.01 seconds
Refreshing native plugins compatible for Editor in 0.66 ms, found 3 plugins.
Preloading 0 native plugins for Editor in 0.00 ms.
Unloading 48 Unused Serialized files (Serialized files now loaded: 0)
Unloading 3245 unused Assets / (1.8 MB). Loaded Objects now: 3819.
Memory consumption went from 127.8 MB to 126.0 MB.
Total: 3.732800 ms (FindLiveObjects: 0.328100 ms CreateObjectMapping: 0.174000 ms MarkObjects: 2.509200 ms  DeleteObjects: 0.720400 ms)

========================================================================
Received Import Request.
  Time since last request: 216261.850327 seconds.
  path: Assets/01_Assets/Blink/Art/Textures/StylizedIceTextures/Ice_3/Ice_3_Height.png
  artifactKey: Guid(ac5b8b32168a0ca41be6e018b31d6330) Importer(2089858483,192608db42251d675da83286b1cce702)
Start importing Assets/01_Assets/Blink/Art/Textures/StylizedIceTextures/Ice_3/Ice_3_Height.png using Guid(ac5b8b32168a0ca41be6e018b31d6330) Importer(2089858483,192608db42251d675da83286b1cce702) (ScriptedImporter)Generated GUIDs only implemented for interfaces!
 -> (artifact id: '072402a5175e91c1e8d6bc6b22ea08e9') in 1.4076125 seconds
Number of updated asset objects reloaded before import = 0Number of asset objects unloaded after import = 1

========================================================================
Received Import Request.
  Time since last request: 0.000012 seconds.
  path: Assets/01_Assets/Blink/Art/Textures/StylizedIceTextures/Snow_4/Snow_4_BaseColor.png
  artifactKey: Guid(94b8648c05465fb46bfa574e9aea873e) Importer(2089858483,192608db42251d675da83286b1cce702)
Start importing Assets/01_Assets/Blink/Art/Textures/StylizedIceTextures/Snow_4/Snow_4_BaseColor.png using Guid(94b8648c05465fb46bfa574e9aea873e) Importer(2089858483,192608db42251d675da83286b1cce702) (ScriptedImporter)Generated GUIDs only implemented for interfaces!
 -> (artifact id: '4a07e1bad9f6db46157d640aa5665670') in 0.6977747 seconds
Number of updated asset objects reloaded before import = 0Number of asset objects unloaded after import = 1

========================================================================
Received Import Request.
  Time since last request: 0.000095 seconds.
  path: Assets/01_Assets/Blink/Art/Textures/StylizedDesertTextures/Sand_1/Sand_1_Normal.png
  artifactKey: Guid(302ddbefe653e71408c2c43abfb75d3c) Importer(2089858483,192608db42251d675da83286b1cce702)
Start importing Assets/01_Assets/Blink/Art/Textures/StylizedDesertTextures/Sand_1/Sand_1_Normal.png using Guid(302ddbefe653e71408c2c43abfb75d3c) Importer(2089858483,192608db42251d675da83286b1cce702) (ScriptedImporter)Generated GUIDs only implemented for interfaces!
 -> (artifact id: 'c59ed5955e2a7953519b66c6c77de56b') in 0.4795006 seconds
Number of updated asset objects reloaded before import = 0Number of asset objects unloaded after import = 1

========================================================================
Received Import Request.
  Time since last request: 0.000097 seconds.
  path: Assets/01_Assets/Blink/Art/Textures/StylizedForestTextures/Cliff_3/Cliff_3_Height.png
  artifactKey: Guid(e503f96269599594cb66b5e353290180) Importer(2089858483,192608db42251d675da83286b1cce702)
Start importing Assets/01_Assets/Blink/Art/Textures/StylizedForestTextures/Cliff_3/Cliff_3_Height.png using Guid(e503f96269599594cb66b5e353290180) Importer(2089858483,192608db42251d675da83286b1cce702) (ScriptedImporter)Generated GUIDs only implemented for interfaces!
 -> (artifact id: 'd47ed60b4e854ac5c6b0d3bf68d904a9') in 0.8372596 seconds
Number of updated asset objects reloaded before import = 0Number of asset objects unloaded after import = 1

========================================================================
Received Import Request.
  Time since last request: 0.000066 seconds.
  path: Assets/01_Assets/Blink/Art/Textures/StylizedIceTextures/Ice_3/Ice_3.terrainlayer
  artifactKey: Guid(2d59a1b5d1049814b85c3dab27e2de5e) Importer(2089858483,192608db42251d675da83286b1cce702)
Start importing Assets/01_Assets/Blink/Art/Textures/StylizedIceTextures/Ice_3/Ice_3.terrainlayer using Guid(2d59a1b5d1049814b85c3dab27e2de5e) Importer(2089858483,192608db42251d675da83286b1cce702) (ScriptedImporter)Generated GUIDs only implemented for interfaces!
 -> (artifact id: 'ea3744895bf9d984634af2d532442f91') in 0.978535 seconds
Number of updated asset objects reloaded before import = 0Number of asset objects unloaded after import = 3

========================================================================
Received Import Request.
  Time since last request: 0.000014 seconds.
  path: Assets/01_Assets/Blink/Art/Textures/StylizedForestTextures/Grass_Mud/Grass_Mud_Normal.png
  artifactKey: Guid(b217965dc434d8046b635d1832ec490f) Importer(2089858483,192608db42251d675da83286b1cce702)
Start importing Assets/01_Assets/Blink/Art/Textures/StylizedForestTextures/Grass_Mud/Grass_Mud_Normal.png using Guid(b217965dc434d8046b635d1832ec490f) Importer(2089858483,192608db42251d675da83286b1cce702) (ScriptedImporter)Generated GUIDs only implemented for interfaces!
 -> (artifact id: '73354b9dceb047612ef7da9ea927b78b') in 0.3960127 seconds
Number of updated asset objects reloaded before import = 0Number of asset objects unloaded after import = 1

========================================================================
Received Import Request.
  Time since last request: 0.000093 seconds.
  path: Assets/01_Assets/Blink/Art/Textures/StylizedIceTextures/Ice_3/Ice_3_Roughness.png
  artifactKey: Guid(f42ab3c4d06bba743a46899b6db2b897) Importer(2089858483,192608db42251d675da83286b1cce702)
Start importing Assets/01_Assets/Blink/Art/Textures/StylizedIceTextures/Ice_3/Ice_3_Roughness.png using Guid(f42ab3c4d06bba743a46899b6db2b897) Importer(2089858483,192608db42251d675da83286b1cce702) (ScriptedImporter)Generated GUIDs only implemented for interfaces!
 -> (artifact id: 'b44f9baec3724a63ffe5b5da6f56b571') in 0.4837221 seconds
Number of updated asset objects reloaded before import = 0Number of asset objects unloaded after import = 1

========================================================================
Received Import Request.
  Time since last request: 0.000053 seconds.
  path: Assets/01_Assets/Blink/Art/Textures/StylizedForestTextures/Grass_Mud/Grass_Mud.mat
  artifactKey: Guid(aa687d57e9cbd134b8545550b4ab507c) Importer(2089858483,192608db42251d675da83286b1cce702)
Start importing Assets/01_Assets/Blink/Art/Textures/StylizedForestTextures/Grass_Mud/Grass_Mud.mat using Guid(aa687d57e9cbd134b8545550b4ab507c) Importer(2089858483,192608db42251d675da83286b1cce702) (ScriptedImporter)Generated GUIDs only implemented for interfaces!
 -> (artifact id: '9522abb7e54ac59046ff17477d80cf72') in 0.4376492 seconds
Number of updated asset objects reloaded before import = 0Number of asset objects unloaded after import = 5

========================================================================
Received Import Request.
  Time since last request: 0.000015 seconds.
  path: Assets/01_Assets/Blink/Art/Textures/StylizedLavaTextures/Rock_Ground_Cliff_1/Rock_Ground_Cliff_1_Normal.png
  artifactKey: Guid(c4e78757e32cc8d4480c0e97328f3740) Importer(2089858483,192608db42251d675da83286b1cce702)
Start importing Assets/01_Assets/Blink/Art/Textures/StylizedLavaTextures/Rock_Ground_Cliff_1/Rock_Ground_Cliff_1_Normal.png using Guid(c4e78757e32cc8d4480c0e97328f3740) Importer(2089858483,192608db42251d675da83286b1cce702) (ScriptedImporter)Generated GUIDs only implemented for interfaces!
 -> (artifact id: '2c223eb8f1db2d80906c6338946769e6') in 0.1456061 seconds
Number of updated asset objects reloaded before import = 0Number of asset objects unloaded after import = 1

========================================================================
Received Import Request.
  Time since last request: 0.000074 seconds.
  path: Assets/01_Assets/Blink/Art/Textures/StylizedLavaTextures/Dry_Lava/Dry_Lava_Roughness.png
  artifactKey: Guid(84b28b415ee7a9046b485c8b4eb5a999) Importer(2089858483,192608db42251d675da83286b1cce702)
Start importing Assets/01_Assets/Blink/Art/Textures/StylizedLavaTextures/Dry_Lava/Dry_Lava_Roughness.png using Guid(84b28b415ee7a9046b485c8b4eb5a999) Importer(2089858483,192608db42251d675da83286b1cce702) (ScriptedImporter)Generated GUIDs only implemented for interfaces!
 -> (artifact id: 'e143e17d587301a05d63d8706b15f432') in 0.3806265 seconds
Number of updated asset objects reloaded before import = 0Number of asset objects unloaded after import = 1

Editor requested this worker to shutdown with reason: Scaling down because of idle timeout
AssetImportWorker is now disconnected from the server
Process exiting
Exiting without the bug reporter. Application will terminate with return code 0